<?xml version="1.0" encoding="UTF-8" ?>
<testsuite failures="1" time="45.003" errors="0" skipped="0" tests="5" name="streamTvProject.test.AccceptanceTestSuite">
  <properties>
    <property name="java.runtime.name" value="Java(TM) SE Runtime Environment"/>
    <property name="sun.boot.library.path" value="C:\Program Files\Java\jdk1.7.0_79\jre\bin"/>
    <property name="java.vm.version" value="24.79-b02"/>
    <property name="user.country.format" value="UA"/>
    <property name="java.vm.vendor" value="Oracle Corporation"/>
    <property name="java.vendor.url" value="http://java.oracle.com/"/>
    <property name="path.separator" value=";"/>
    <property name="guice.disable.misplaced.annotation.check" value="true"/>
    <property name="java.vm.name" value="Java HotSpot(TM) 64-Bit Server VM"/>
    <property name="file.encoding.pkg" value="sun.io"/>
    <property name="user.script" value=""/>
    <property name="user.country" value="RU"/>
    <property name="sun.java.launcher" value="SUN_STANDARD"/>
    <property name="sun.os.patch.level" value=""/>
    <property name="java.vm.specification.name" value="Java Virtual Machine Specification"/>
    <property name="user.dir" value="C:\StreamTvProject"/>
    <property name="java.runtime.version" value="1.7.0_79-b15"/>
    <property name="java.awt.graphicsenv" value="sun.awt.Win32GraphicsEnvironment"/>
    <property name="java.endorsed.dirs" value="C:\Program Files\Java\jdk1.7.0_79\jre\lib\endorsed"/>
    <property name="os.arch" value="amd64"/>
    <property name="java.io.tmpdir" value="C:\Users\PC-Olga\AppData\Local\Temp\"/>
    <property name="line.separator" value="
"/>
    <property name="java.vm.specification.vendor" value="Oracle Corporation"/>
    <property name="user.variant" value=""/>
    <property name="os.name" value="Windows 8"/>
    <property name="classworlds.conf" value="c:\apache-maven-3.2.3\bin\m2.conf"/>
    <property name="sun.jnu.encoding" value="Cp1251"/>
    <property name="java.library.path" value="C:\Program Files\Java\jdk1.7.0_79\bin;C:\Windows\Sun\Java\bin;C:\Windows\system32;C:\Windows;C:/Program Files/Java/jre1.8.0_45/bin/server;C:/Program Files/Java/jre1.8.0_45/bin;C:/Program Files/Java/jre1.8.0_45/lib/amd64;C:\ProgramData\Oracle\Java\javapath;C:\Program Files (x86)\Intel\iCLS Client\;C:\Program Files\Intel\iCLS Client\;C:\Windows\system32;C:\Windows;C:\Windows\System32\Wbem;C:\Windows\System32\WindowsPowerShell\v1.0\;C:\Program Files\Intel\WiFi\bin\;C:\Program Files\Common Files\Intel\WirelessCommon\;C:\Program Files (x86)\Intel\OpenCL SDK\3.0\bin\x86;C:\Program Files (x86)\Intel\OpenCL SDK\3.0\bin\x64;C:\Program Files\Intel\Intel(R) Management Engine Components\DAL;C:\Program Files\Intel\Intel(R) Management Engine Components\IPT;C:\Program Files (x86)\Intel\Intel(R) Management Engine Components\DAL;C:\Program Files (x86)\Intel\Intel(R) Management Engine Components\IPT;C:\Program Files\Sony\VAIO Improvement;C:\Program Files (x86)\Sony\VAIO BIOS Data Transfer Utility\;C:\Program Files (x86)\Sony\VAIO Startup Setting Tool;C:\Windows\Microsoft.NET\Framework\v2.0.50727;C:\Program Files\Java\jdk1.7.0_79\bin;c:\apache-maven-3.2.3\\bin;C:\Program Files (x86)\QuickTime\QTSystem\;C:\eclipse;;."/>
    <property name="java.specification.name" value="Java Platform API Specification"/>
    <property name="java.class.version" value="51.0"/>
    <property name="sun.management.compiler" value="HotSpot 64-Bit Tiered Compilers"/>
    <property name="os.version" value="6.2"/>
    <property name="user.home" value="C:\Users\PC-Olga"/>
    <property name="user.timezone" value="Europe/Helsinki"/>
    <property name="java.awt.printerjob" value="sun.awt.windows.WPrinterJob"/>
    <property name="java.specification.version" value="1.7"/>
    <property name="file.encoding" value="Cp1251"/>
    <property name="user.name" value="PC-Olga"/>
    <property name="java.class.path" value="c:\apache-maven-3.2.3\boot\plexus-classworlds-2.5.1.jar"/>
    <property name="java.vm.specification.version" value="1.7"/>
    <property name="sun.arch.data.model" value="64"/>
    <property name="java.home" value="C:\Program Files\Java\jdk1.7.0_79\jre"/>
    <property name="sun.java.command" value="org.codehaus.plexus.classworlds.launcher.Launcher verify thucydides:aggregate"/>
    <property name="java.specification.vendor" value="Oracle Corporation"/>
    <property name="user.language" value="ru"/>
    <property name="user.language.format" value="uk"/>
    <property name="awt.toolkit" value="sun.awt.windows.WToolkit"/>
    <property name="java.vm.info" value="mixed mode"/>
    <property name="java.version" value="1.7.0_79"/>
    <property name="java.ext.dirs" value="C:\Program Files\Java\jdk1.7.0_79\jre\lib\ext;C:\Windows\Sun\Java\lib\ext"/>
    <property name="sun.boot.class.path" value="C:\Program Files\Java\jdk1.7.0_79\jre\lib\resources.jar;C:\Program Files\Java\jdk1.7.0_79\jre\lib\rt.jar;C:\Program Files\Java\jdk1.7.0_79\jre\lib\sunrsasign.jar;C:\Program Files\Java\jdk1.7.0_79\jre\lib\jsse.jar;C:\Program Files\Java\jdk1.7.0_79\jre\lib\jce.jar;C:\Program Files\Java\jdk1.7.0_79\jre\lib\charsets.jar;C:\Program Files\Java\jdk1.7.0_79\jre\lib\jfr.jar;C:\Program Files\Java\jdk1.7.0_79\jre\classes"/>
    <property name="java.vendor" value="Oracle Corporation"/>
    <property name="maven.home" value="c:\apache-maven-3.2.3"/>
    <property name="file.separator" value="\"/>
    <property name="java.vendor.url.bug" value="http://bugreport.sun.com/bugreport/"/>
    <property name="sun.cpu.endian" value="little"/>
    <property name="sun.io.unicode.encoding" value="UnicodeLittle"/>
    <property name="sun.desktop" value="windows"/>
    <property name="sun.cpu.isalist" value="amd64"/>
  </properties>
  <testcase time="0.025" classname="java.lang.Object" name="BeforeStories"/>
  <testcase time="26.904" classname="streamTvProject.test.SportsmenTest" name="Given User opens Login Page and login to the base page"/>
  <testcase time="13.875" classname="streamTvProject.test.SportsmenTest" name="When add new sportsmen with data:\u002C "/>
  <testcase time="0.571" classname="streamTvProject.test.SportsmenTest" name="Then user finds added sportsmen and checks saved data">
    <failure message="Data in the first record is not as expected
Expected: &lt;[Automation01 Auto01 Automiddle, Kyrovogradska, Dinamo, Junior, FS]&gt;
     but: was &lt;[Automation01 Auto01 Automiddle, Kirovogradska, Dinamo, 2015, FS]&gt;" type="java.lang.AssertionError">java.lang.AssertionError: Data in the first record is not as expected
Expected: &lt;[Automation01 Auto01 Automiddle, Kyrovogradska, Dinamo, Junior, FS]&gt;
     but: was &lt;[Automation01 Auto01 Automiddle, Kirovogradska, Dinamo, 2015, FS]&gt;
	at org.hamcrest.MatcherAssert.assertThat(MatcherAssert.java:20)
	at streamTvProject.test.SportsmenTest.findSportsmanAndVerifyData(SportsmenTest.java:57)
	at sun.reflect.NativeMethodAccessorImpl.invoke0(Native Method)
	at sun.reflect.NativeMethodAccessorImpl.invoke(NativeMethodAccessorImpl.java:57)
	at sun.reflect.DelegatingMethodAccessorImpl.invoke(DelegatingMethodAccessorImpl.java:43)
	at java.lang.reflect.Method.invoke(Method.java:606)
	at org.jbehave.core.steps.StepCreator$ParameterisedStep.perform(StepCreator.java:550)
	at org.jbehave.core.embedder.StoryRunner$FineSoFar.run(StoryRunner.java:499)
	at org.jbehave.core.embedder.StoryRunner.runStepsWhileKeepingState(StoryRunner.java:479)
	at org.jbehave.core.embedder.StoryRunner.runScenarioSteps(StoryRunner.java:443)
	at org.jbehave.core.embedder.StoryRunner.runCancellable(StoryRunner.java:305)
	at org.jbehave.core.embedder.StoryRunner.run(StoryRunner.java:219)
	at org.jbehave.core.embedder.StoryRunner.run(StoryRunner.java:180)
	at org.jbehave.core.embedder.StoryManager$EnqueuedStory.call(StoryManager.java:229)
	at org.jbehave.core.embedder.StoryManager$EnqueuedStory.call(StoryManager.java:201)
	at java.util.concurrent.FutureTask.run(FutureTask.java:262)
	at java.util.concurrent.ThreadPoolExecutor.runWorker(ThreadPoolExecutor.java:1145)
	at java.util.concurrent.ThreadPoolExecutor$Worker.run(ThreadPoolExecutor.java:615)
	at java.lang.Thread.run(Thread.java:745)
</failure>
    <system-out>When add new sportsmen with data:
|lastName|firstName|middleName|birthDate|Region1|FST1|trainer1|style|age|year|cardAvailability|
|Automation01|Auto01|Automiddle|07-07-1987|Kyrovogradska|Dinamo|TheBestTrainer|FS|Junior|2015|Produced|

******************************************[Automation01 Auto01 Automiddle, Kirovogradska, Dinamo, 2015, FS]
</system-out>
    <system-err>41873 [pool-1-thread-1] INFO net.thucydides.core.steps.StepInterceptor - STARTING STEP: findSportsman
42268 [pool-1-thread-1] INFO net.thucydides.core.steps.StepInterceptor - STEP DONE: findSportsman
42271 [pool-1-thread-1] INFO net.thucydides.core.steps.StepInterceptor - STARTING STEP: getTextFromCells
42419 [pool-1-thread-1] INFO net.thucydides.core.steps.StepInterceptor - STEP DONE: getTextFromCells
</system-err>
  </testcase>
  <testcase time="0" classname="java.lang.Object" name="AfterStories"/>
</testsuite>